{"D:\\github\\mui-primary-color-picker\\src\\index.js": {"path":"D:\\github\\mui-primary-color-picker\\src\\index.js","statementMap":{"0":{"start":{"line":11,"column":21},"end":{"line":11,"column":30}},"1":{"start":{"line":12,"column":13},"end":{"line":12,"column":45}},"2":{"start":{"line":13,"column":15},"end":{"line":28,"column":1}},"3":{"start":{"line":30,"column":15},"end":{"line":68,"column":2}},"4":{"start":{"line":30,"column":27},"end":{"line":68,"column":1}},"5":{"start":{"line":71,"column":25},"end":{"line":71,"column":29}},"6":{"start":{"line":72,"column":32},"end":{"line":84,"column":1}},"7":{"start":{"line":73,"column":2},"end":{"line":83,"column":3}},"8":{"start":{"line":74,"column":4},"end":{"line":74,"column":27}},"9":{"start":{"line":75,"column":4},"end":{"line":82,"column":5}},"10":{"start":{"line":76,"column":23},"end":{"line":76,"column":24}},"11":{"start":{"line":77,"column":6},"end":{"line":81,"column":7}},"12":{"start":{"line":78,"column":22},"end":{"line":78,"column":40}},"13":{"start":{"line":79,"column":8},"end":{"line":79,"column":55}},"14":{"start":{"line":80,"column":8},"end":{"line":80,"column":20}},"15":{"start":{"line":86,"column":2},"end":{"line":86,"column":27}},"16":{"start":{"line":87,"column":19},"end":{"line":87,"column":44}},"17":{"start":{"line":88,"column":2},"end":{"line":88,"column":41}},"18":{"start":{"line":91,"column":2},"end":{"line":91,"column":27}},"19":{"start":{"line":92,"column":19},"end":{"line":92,"column":44}},"20":{"start":{"line":93,"column":2},"end":{"line":93,"column":43}},"21":{"start":{"line":97,"column":22},"end":{"line":97,"column":27}},"22":{"start":{"line":98,"column":40},"end":{"line":100,"column":3}},"23":{"start":{"line":101,"column":54},"end":{"line":103,"column":3}},"24":{"start":{"line":105,"column":2},"end":{"line":168,"column":3}},"25":{"start":{"line":116,"column":12},"end":{"line":116,"column":67}},"26":{"start":{"line":117,"column":12},"end":{"line":117,"column":45}},"27":{"start":{"line":124,"column":34},"end":{"line":124,"column":73}},"28":{"start":{"line":125,"column":10},"end":{"line":164,"column":11}},"29":{"start":{"line":136,"column":18},"end":{"line":138,"column":19}},"30":{"start":{"line":139,"column":18},"end":{"line":139,"column":48}},"31":{"start":{"line":171,"column":0},"end":{"line":174,"column":1}}},"fnMap":{"0":{"name":"(anonymous_0)","decl":{"start":{"line":30,"column":15},"end":{"line":30,"column":16}},"loc":{"start":{"line":30,"column":27},"end":{"line":68,"column":1}},"line":30},"1":{"name":"(anonymous_1)","decl":{"start":{"line":72,"column":32},"end":{"line":72,"column":33}},"loc":{"start":{"line":72,"column":38},"end":{"line":84,"column":1}},"line":72},"2":{"name":"hueFromColor","decl":{"start":{"line":85,"column":9},"end":{"line":85,"column":21}},"loc":{"start":{"line":85,"column":29},"end":{"line":89,"column":1}},"line":85},"3":{"name":"shadeFromColor","decl":{"start":{"line":90,"column":9},"end":{"line":90,"column":23}},"loc":{"start":{"line":90,"column":31},"end":{"line":94,"column":1}},"line":90},"4":{"name":"PrimaryColorPicker","decl":{"start":{"line":96,"column":9},"end":{"line":96,"column":27}},"loc":{"start":{"line":96,"column":35},"end":{"line":169,"column":1}},"line":96},"5":{"name":"(anonymous_5)","decl":{"start":{"line":115,"column":20},"end":{"line":115,"column":21}},"loc":{"start":{"line":115,"column":39},"end":{"line":118,"column":11}},"line":115},"6":{"name":"(anonymous_6)","decl":{"start":{"line":123,"column":18},"end":{"line":123,"column":19}},"loc":{"start":{"line":123,"column":27},"end":{"line":165,"column":9}},"line":123},"7":{"name":"(anonymous_7)","decl":{"start":{"line":135,"column":26},"end":{"line":135,"column":27}},"loc":{"start":{"line":135,"column":33},"end":{"line":140,"column":17}},"line":135}},"branchMap":{"0":{"loc":{"start":{"line":73,"column":2},"end":{"line":83,"column":3}},"type":"if","locations":[{"start":{"line":73,"column":2},"end":{"line":83,"column":3}},{"start":{"line":73,"column":2},"end":{"line":83,"column":3}}],"line":73},"1":{"loc":{"start":{"line":88,"column":9},"end":{"line":88,"column":41}},"type":"cond-expr","locations":[{"start":{"line":88,"column":20},"end":{"line":88,"column":32}},{"start":{"line":88,"column":35},"end":{"line":88,"column":41}}],"line":88},"2":{"loc":{"start":{"line":93,"column":9},"end":{"line":93,"column":43}},"type":"cond-expr","locations":[{"start":{"line":93,"column":20},"end":{"line":93,"column":39}},{"start":{"line":93,"column":42},"end":{"line":93,"column":43}}],"line":93},"3":{"loc":{"start":{"line":99,"column":17},"end":{"line":99,"column":71}},"type":"cond-expr","locations":[{"start":{"line":99,"column":38},"end":{"line":99,"column":56}},{"start":{"line":99,"column":59},"end":{"line":99,"column":71}}],"line":99},"4":{"loc":{"start":{"line":102,"column":19},"end":{"line":102,"column":73}},"type":"cond-expr","locations":[{"start":{"line":102,"column":40},"end":{"line":102,"column":58}},{"start":{"line":102,"column":61},"end":{"line":102,"column":73}}],"line":102},"5":{"loc":{"start":{"line":152,"column":22},"end":{"line":155,"column":56}},"type":"cond-expr","locations":[{"start":{"line":154,"column":26},"end":{"line":154,"column":56}},{"start":{"line":155,"column":26},"end":{"line":155,"column":56}}],"line":152},"6":{"loc":{"start":{"line":152,"column":22},"end":{"line":153,"column":47}},"type":"binary-expr","locations":[{"start":{"line":152,"column":23},"end":{"line":152,"column":46}},{"start":{"line":152,"column":50},"end":{"line":152,"column":73}},{"start":{"line":153,"column":22},"end":{"line":153,"column":47}}],"line":152}},"s":{"0":1,"1":1,"2":1,"3":1,"4":1,"5":1,"6":1,"7":2,"8":1,"9":1,"10":16,"11":16,"12":224,"13":224,"14":224,"15":1,"16":1,"17":1,"18":1,"19":1,"20":1,"21":1,"22":1,"23":1,"24":1,"25":0,"26":0,"27":16,"28":16,"29":0,"30":0,"31":1},"f":{"0":1,"1":2,"2":1,"3":1,"4":1,"5":0,"6":16,"7":0},"b":{"0":[1,1],"1":[1,0],"2":[1,0],"3":[0,1],"4":[0,1],"5":[0,16],"6":[16,0,16]},"_coverageSchema":"43e27e138ebf9cfc5966b082cf9a028302ed4184","hash":"41ec214f9641be23901d62dd6238487e9e639156"}
}
