TN:
SF:C:\github\mui-primary-color-picker\src\index.js
FN:30,(anonymous_0)
FN:72,(anonymous_1)
FN:85,hueFromColor
FN:90,shadeFromColor
FN:96,PrimaryColorPicker
FN:115,(anonymous_5)
FN:123,(anonymous_6)
FN:135,(anonymous_7)
FNF:8
FNH:6
FNDA:1,(anonymous_0)
FNDA:2,(anonymous_1)
FNDA:1,hueFromColor
FNDA:1,shadeFromColor
FNDA:1,PrimaryColorPicker
FNDA:0,(anonymous_5)
FNDA:16,(anonymous_6)
FNDA:0,(anonymous_7)
DA:11,1
DA:12,1
DA:13,1
DA:30,1
DA:71,1
DA:72,1
DA:73,2
DA:74,1
DA:75,1
DA:76,16
DA:77,16
DA:78,224
DA:79,224
DA:80,224
DA:86,1
DA:87,1
DA:88,1
DA:91,1
DA:92,1
DA:93,1
DA:97,1
DA:98,1
DA:101,1
DA:105,1
DA:116,0
DA:117,0
DA:124,16
DA:125,16
DA:136,0
DA:139,0
DA:171,1
LF:31
LH:27
BRDA:73,0,0,1
BRDA:73,0,1,1
BRDA:88,1,0,1
BRDA:88,1,1,0
BRDA:93,2,0,1
BRDA:93,2,1,0
BRDA:99,3,0,0
BRDA:99,3,1,1
BRDA:102,4,0,0
BRDA:102,4,1,1
BRDA:152,5,0,0
BRDA:152,5,1,16
BRDA:152,6,0,16
BRDA:152,6,1,0
BRDA:152,6,2,16
BRF:15
BRH:9
end_of_record
