TN:
SF:D:\github\mui-primary-color-picker\src\index.js
FN:30,(anonymous_0)
FN:72,(anonymous_1)
FN:85,hueFromColor
FN:90,shadeFromColor
FN:96,PrimaryColorPicker
FN:115,(anonymous_5)
FN:123,(anonymous_6)
FN:135,(anonymous_7)
FNF:8
FNH:6
FNDA:2,(anonymous_0)
FNDA:4,(anonymous_1)
FNDA:2,hueFromColor
FNDA:2,shadeFromColor
FNDA:2,PrimaryColorPicker
FNDA:0,(anonymous_5)
FNDA:32,(anonymous_6)
FNDA:0,(anonymous_7)
DA:11,1
DA:12,1
DA:13,1
DA:30,2
DA:71,1
DA:72,1
DA:73,4
DA:74,1
DA:75,1
DA:76,16
DA:77,16
DA:78,224
DA:79,224
DA:80,224
DA:86,2
DA:87,2
DA:88,2
DA:91,2
DA:92,2
DA:93,2
DA:97,2
DA:98,2
DA:101,2
DA:105,2
DA:116,0
DA:117,0
DA:124,32
DA:125,32
DA:136,0
DA:139,0
DA:171,1
LF:31
LH:27
BRDA:73,0,0,1
BRDA:73,0,1,3
BRDA:88,1,0,2
BRDA:88,1,1,0
BRDA:93,2,0,2
BRDA:93,2,1,0
BRDA:99,3,0,0
BRDA:99,3,1,2
BRDA:102,4,0,0
BRDA:102,4,1,2
BRDA:152,5,0,0
BRDA:152,5,1,32
BRDA:152,6,0,32
BRDA:152,6,1,0
BRDA:152,6,2,32
BRF:15
BRH:9
end_of_record
